2025-05-12 18:27:05,674 - INFO - Chargement des données brutes...
2025-05-12 18:27:05,675 - INFO - Fichier brut chargé depuis : c:\Users\LENOVO\Desktop\Master d'excellence D3SI\Python avancé\Projet\mlops-text-classifier\src\../data/raw/data.csv
2025-05-12 18:27:05,697 - INFO - Conversion du dataset...
2025-05-12 18:27:05,700 - INFO - Dataset converti avec 'label' numérique (spam=1, ham=0) et colonne 'text'.
2025-05-12 18:27:05,700 - INFO - \U0001f9f9 Nettoyage du texte...
2025-05-12 18:27:06,404 - INFO - \U0001f4be Sauvegarde des données nettoyées...
2025-05-12 18:27:06,422 - INFO - Données nettoyées enregistrées dans : c:\Users\LENOVO\Desktop\Master d'excellence D3SI\Python avancé\Projet\mlops-text-classifier\src\../data/processed/data.csv
2025-05-12 18:27:06,423 - INFO - Préparation des données terminée.
2025-05-12 18:50:59,994 - INFO - Initialisation du trainer...
2025-05-12 18:50:59,998 - INFO - Démarrage de l'entraînement du modèle...
2025-05-12 18:50:59,999 - INFO - Chargement et préparation des données...
2025-05-12 18:50:59,999 - INFO - Chargement des données brutes...
2025-05-12 18:50:59,999 - INFO - Fichier brut chargé depuis : c:\Users\LENOVO\Desktop\Master d'excellence D3SI\Python avancé\Projet\mlops-text-classifier\src\../data/raw/data.csv
2025-05-12 18:51:00,047 - INFO - Conversion du dataset...
2025-05-12 18:51:00,057 - INFO - Dataset converti avec 'label' numérique (spam=1, ham=0) et colonne 'text'.
2025-05-12 18:51:00,057 - INFO - \U0001f9f9 Nettoyage du texte...
2025-05-12 18:51:00,751 - INFO - \U0001f4be Sauvegarde des données nettoyées...
2025-05-12 18:51:00,772 - INFO - Données nettoyées enregistrées dans : c:\Users\LENOVO\Desktop\Master d'excellence D3SI\Python avancé\Projet\mlops-text-classifier\src\../data/processed/data.csv
2025-05-12 18:51:00,773 - INFO - Découpage en jeu d'entraînement et de test...
2025-05-12 18:51:00,779 - INFO - Vectorisation des textes avec TF-IDF...
2025-05-12 18:51:00,990 - INFO - \u2705 Entraînement terminé.
2025-05-12 18:51:00,990 - INFO - Prédiction sur le jeu de test...
2025-05-12 18:51:00,991 - INFO - \U0001f3af Précision du modèle sur le jeu de test : 95.07%
2025-05-12 18:51:00,991 - INFO - Sauvegarde du modèle et du vectoriseur dans le dossier processed...
2025-05-12 18:51:01,067 - INFO - \u2705 Modèle sauvegardé dans : c:\Users\LENOVO\Desktop\Master d'excellence D3SI\Python avancé\Projet\mlops-text-classifier\src\../models/spam_classifier.pkl
2025-05-12 18:51:01,067 - INFO - \u2705 Vectoriseur sauvegardé dans : c:\Users\LENOVO\Desktop\Master d'excellence D3SI\Python avancé\Projet\mlops-text-classifier\src\../models/vectorizer.pkl
2025-05-12 18:51:01,067 - INFO - Évaluation du modèle - non implémentée dans cette version.
2025-05-12 18:51:01,067 - INFO - Entraînement et évaluation terminés.
